#
# A fatal error has been detected by the Java Runtime Environment:
#
#  EXCEPTION_ACCESS_VIOLATION (0xc0000005) at pc=0x776105fc, pid=23696, tid=0x00002050
#
# JRE version: Java(TM) SE Runtime Environment (8.0_191-b12) (build 1.8.0_191-b12)
# Java VM: Java HotSpot(TM) Client VM (25.191-b12 mixed mode windows-x86 )
# Problematic frame:
# C  [ntdll.dll+0x705fc]
#
# Failed to write core dump. Minidumps are not enabled by default on client versions of Windows
#
# If you would like to submit a bug report, please visit:
#   http://bugreport.java.com/bugreport/crash.jsp
# The crash happened outside the Java Virtual Machine in native code.
# See problematic frame for where to report the bug.
#

---------------  T H R E A D  ---------------

Current thread (0x2bb11c00):  JavaThread "cc.arduino.packages.discoverers.serial.SerialBoardsLister" [_thread_in_native, id=8272, stack(0x2c690000,0x2c6e0000)]

siginfo: ExceptionCode=0xc0000005, reading address 0x000014e0

Registers:
EAX=0xc0000034, EBX=0x000008a8, ECX=0x00000001, EDX=0x00000076
ESP=0x2c6def24, EBP=0x2c6df010, ESI=0x2c6df044, EDI=0x00000014
EIP=0x776105fc, EFLAGS=0x00000206

Top of Stack: (sp=0x2c6def24)
0x2c6def24:   75372580 000008a8 2c6df044 00000002
0x2c6def34:   2c6def78 00000014 2c6def50 00000000
0x2c6def44:   2c6df0ec 00000000 2c6df06c 00000002
0x2c6def54:   00000014 2c6df074 2c6df108 00000002
0x2c6def64:   2c6df078 00000000 00000000 000008a8
0x2c6def74:   2c6def78 2c6def9c 775e1f3e 6194da8d
0x2c6def84:   775e1f3e 00000000 00000000 2c6df044
0x2c6def94:   00000012 00000001 2c6defb0 775e1157 

Instructions: (pc=0x776105fc)
0x776105dc:   c2 08 00 90 b8 16 00 00 00 ba c0 4f 62 77 ff d2
0x776105ec:   c2 14 00 90 b8 17 00 00 00 ba c0 4f 62 77 ff d2
0x776105fc:   c2 18 00 90 b8 18 00 00 00 ba c0 4f 62 77 ff d2
0x7761060c:   c2 18 00 90 b8 19 00 00 00 e8 00 00 00 00 5a 80 


Register to memory mapping:

EAX=0xc0000034 is an unknown value
EBX=0x000008a8 is an unknown value
ECX=0x00000001 is an unknown value
EDX=0x00000076 is an unknown value
ESP=0x2c6def24 is pointing into the stack for thread: 0x2bb11c00
EBP=0x2c6df010 is pointing into the stack for thread: 0x2bb11c00
ESI=0x2c6df044 is pointing into the stack for thread: 0x2bb11c00
EDI=0x00000014 is an unknown value


Stack: [0x2c690000,0x2c6e0000],  sp=0x2c6def24,  free space=315k
Native frames: (J=compiled Java code, j=interpreted, Vv=VM code, C=native code)
C  [ntdll.dll+0x705fc]
C  [KERNELBASE.dll+0x101a0e]
C  [listSerialsj.dll+0x90bc]
C  0x00000000

Java frames: (J=compiled Java code, j=interpreted, Vv=VM code)
J 3907  processing.app.Platform.listSerialsNative()[Ljava/lang/String; (0 bytes) @ 0x035a8bcf [0x035a8b90+0x3f]
J 3832 C1 cc.arduino.packages.discoverers.serial.SerialBoardsLister.retriggerDiscovery(Z)V (751 bytes) @ 0x0349da24 [0x0349d8d0+0x154]
J 3852 C1 cc.arduino.packages.discoverers.serial.SerialBoardsLister.run()V (13 bytes) @ 0x035832d4 [0x03583290+0x44]
j  java.util.TimerThread.mainLoop()V+221
j  java.util.TimerThread.run()V+1
v  ~StubRoutines::call_stub

---------------  P R O C E S S  ---------------

Java Threads: ( => current thread )
  0x2bea8000 JavaThread "JmDNS(KJ-ZENBOOK.local.).State.Timer" [_thread_blocked, id=24416, stack(0x281f0000,0x28240000)]
  0x2bea9c00 JavaThread "JmDNS(KJ-ZENBOOK.local.).Timer" daemon [_thread_blocked, id=18604, stack(0x28160000,0x281b0000)]
  0x2beaac00 JavaThread "SocketListener(KJ-ZENBOOK.local.)" daemon [_thread_in_native, id=20180, stack(0x280d0000,0x28120000)]
  0x2beab800 JavaThread "JmmDNS pool-2-thread-3" [_thread_blocked, id=13212, stack(0x28040000,0x28090000)]
  0x2bea9000 JavaThread "JmDNS(KJ-ZENBOOK.local.).State.Timer" [_thread_blocked, id=14712, stack(0x278f0000,0x27940000)]
  0x2beaa800 JavaThread "JmDNS(KJ-ZENBOOK.local.).Timer" daemon [_thread_blocked, id=19076, stack(0x27860000,0x278b0000)]
  0x2beacc00 JavaThread "SocketListener(KJ-ZENBOOK.local.)" daemon [_thread_in_native, id=18220, stack(0x277d0000,0x27820000)]
  0x2bead400 JavaThread "JmDNS(KJ-ZENBOOK.local.).State.Timer" [_thread_blocked, id=11248, stack(0x27fb0000,0x28000000)]
  0x2bea7c00 JavaThread "JmDNS(KJ-ZENBOOK.local.).Timer" daemon [_thread_blocked, id=28384, stack(0x27f20000,0x27f70000)]
  0x2bea6400 JavaThread "SocketListener(KJ-ZENBOOK.local.)" daemon [_thread_in_native, id=12184, stack(0x27e90000,0x27ee0000)]
  0x2beab400 JavaThread "JmDNS(KJ-ZENBOOK.local.).State.Timer" [_thread_blocked, id=26076, stack(0x27e00000,0x27e50000)]
  0x2bc60400 JavaThread "JmDNS(KJ-ZENBOOK.local.).Timer" daemon [_thread_blocked, id=16444, stack(0x27d70000,0x27dc0000)]
  0x2bc60000 JavaThread "SocketListener(KJ-ZENBOOK.local.)" daemon [_thread_in_native, id=15156, stack(0x27ce0000,0x27d30000)]
  0x2bc5e400 JavaThread "JmDNS(KJ-ZENBOOK.local.).State.Timer" [_thread_blocked, id=6496, stack(0x27c50000,0x27ca0000)]
  0x2bc5a000 JavaThread "JmDNS(KJ-ZENBOOK.local.).State.Timer" [_thread_blocked, id=2316, stack(0x27670000,0x276c0000)]
  0x2bc5ec00 JavaThread "JmDNS(KJ-ZENBOOK.local.).Timer" daemon [_thread_blocked, id=8516, stack(0x02da0000,0x02df0000)]
  0x2bc5a800 JavaThread "SocketListener(KJ-ZENBOOK.local.)" daemon [_thread_in_native, id=20696, stack(0x02b10000,0x02b60000)]
  0x2bc5e000 JavaThread "DestroyJavaVM" [_thread_blocked, id=20560, stack(0x02bb0000,0x02c00000)]
  0x2bc5f800 JavaThread "TimerQueue" daemon [_thread_blocked, id=24240, stack(0x2ee40000,0x2ee90000)]
  0x2bc59800 JavaThread "AWT-EventQueue-0" [_thread_blocked, id=28584, stack(0x2c600000,0x2c650000)]
  0x2bc59400 JavaThread "AWT-Shutdown" [_thread_blocked, id=11492, stack(0x2b7c0000,0x2b810000)]
  0x2bc58c00 JavaThread "Batik CleanerThread" daemon [_thread_blocked, id=8112, stack(0x2d650000,0x2d6a0000)]
  0x2bb48c00 JavaThread "Multihomed mDNS.Timer" daemon [_thread_blocked, id=26568, stack(0x27310000,0x27360000)]
=>0x2bb11c00 JavaThread "cc.arduino.packages.discoverers.serial.SerialBoardsLister" [_thread_in_native, id=8272, stack(0x2c690000,0x2c6e0000)]
  0x26e9dc00 JavaThread "AWT-Windows" daemon [_thread_in_native, id=4648, stack(0x273a0000,0x273f0000)]
  0x26e9cc00 JavaThread "Java2D Disposer" daemon [_thread_blocked, id=25996, stack(0x27280000,0x272d0000)]
  0x265e4000 JavaThread "Service Thread" daemon [_thread_blocked, id=23348, stack(0x26b20000,0x26b70000)]
  0x265df800 JavaThread "C1 CompilerThread0" daemon [_thread_blocked, id=13564, stack(0x26a90000,0x26ae0000)]
  0x265de000 JavaThread "Attach Listener" daemon [_thread_blocked, id=25300, stack(0x26a00000,0x26a50000)]
  0x265da400 JavaThread "Signal Dispatcher" daemon [_thread_blocked, id=24404, stack(0x26970000,0x269c0000)]
  0x265bc800 JavaThread "Finalizer" daemon [_thread_blocked, id=5620, stack(0x03080000,0x030d0000)]
  0x265b6c00 JavaThread "Reference Handler" daemon [_thread_blocked, id=1604, stack(0x267e0000,0x26830000)]

Other Threads:
  0x265a0800 VMThread [stack: 0x051b0000,0x05200000] [id=28476]
  0x265e6c00 WatcherThread [stack: 0x26bb0000,0x26c00000] [id=5812]

VM state:not at safepoint (normal execution)

VM Mutex/Monitor currently owned by a thread: None

Heap:
 def new generation   total 39424K, used 11032K [0x05200000, 0x07cc0000, 0x0fca0000)
  eden space 35072K,  30% used [0x05200000, 0x05c6d730, 0x07440000)
  from space 4352K,   8% used [0x07440000, 0x07498b60, 0x07880000)
  to   space 4352K,   0% used [0x07880000, 0x07880000, 0x07cc0000)
 tenured generation   total 87424K, used 61280K [0x0fca0000, 0x15200000, 0x25200000)
   the space 87424K,  70% used [0x0fca0000, 0x13878250, 0x13878400, 0x15200000)
 Metaspace       used 21271K, capacity 21895K, committed 22016K, reserved 22912K

Card table byte_map: [0x25200000,0x25310000] byte_map_base: 0x251d7000

Polling page: 0x02c00000

CodeCache: size=32768Kb used=2556Kb max_used=4861Kb free=30211Kb
 bounds [0x03100000, 0x035c8000, 0x05100000]
 total_blobs=1510 nmethods=1233 adapters=206
 compilation: enabled

Compilation events (10 events):
Event: 33430.128 Thread 0x265df800 3991             java.util.HashMap::put (13 bytes)
Event: 33430.129 Thread 0x265df800 nmethod 3991 0x031b95c8 code [0x031b96d0, 0x031b97c8]
Event: 33431.052 Thread 0x265df800 3992             java.util.HashMap$Node::<init> (26 bytes)
Event: 33431.053 Thread 0x265df800 nmethod 3992 0x031c0cc8 code [0x031c0dc0, 0x031c0e70]
Event: 33431.089 Thread 0x265df800 3993             java.util.HashMap::newNode (13 bytes)
Event: 33431.090 Thread 0x265df800 nmethod 3993 0x031b9348 code [0x031b9440, 0x031b9540]
Event: 33435.704 Thread 0x265df800 3994             java.net.Inet6Address::initif (33 bytes)
Event: 33435.705 Thread 0x265df800 nmethod 3994 0x031a3708 code [0x031a3810, 0x031a391c]
Event: 52416.044 Thread 0x265df800 3995             java.lang.String::getChars (62 bytes)
Event: 52416.045 Thread 0x265df800 nmethod 3995 0x031cc5c8 code [0x031cc700, 0x031cc920]

GC Heap History (10 events):
Event: 1050.309 GC heap before
{Heap before GC invocations=18 (full 2):
 def new generation   total 39424K, used 37900K [0x05200000, 0x07cc0000, 0x0fca0000)
  eden space 35072K, 100% used [0x05200000, 0x07440000, 0x07440000)
  from space 4352K,  64% used [0x07880000, 0x07b430f0, 0x07cc0000)
  to   space 4352K,   0% used [0x07440000, 0x07440000, 0x07880000)
 tenured generation   total 87424K, used 58894K [0x0fca0000, 0x15200000, 0x25200000)
   the space 87424K,  67% used [0x0fca0000, 0x13623a38, 0x13623c00, 0x15200000)
 Metaspace       used 21253K, capacity 21895K, committed 22016K, reserved 22912K
Event: 1050.313 GC heap after
Heap after GC invocations=19 (full 2):
 def new generation   total 39424K, used 413K [0x05200000, 0x07cc0000, 0x0fca0000)
  eden space 35072K,   0% used [0x05200000, 0x05200000, 0x07440000)
  from space 4352K,   9% used [0x07440000, 0x074a7740, 0x07880000)
  to   space 4352K,   0% used [0x07880000, 0x07880000, 0x07cc0000)
 tenured generation   total 87424K, used 61280K [0x0fca0000, 0x15200000, 0x25200000)
   the space 87424K,  70% used [0x0fca0000, 0x13878250, 0x13878400, 0x15200000)
 Metaspace       used 21253K, capacity 21895K, committed 22016K, reserved 22912K
}
Event: 1822.440 GC heap before
{Heap before GC invocations=19 (full 2):
 def new generation   total 39424K, used 35485K [0x05200000, 0x07cc0000, 0x0fca0000)
  eden space 35072K, 100% used [0x05200000, 0x07440000, 0x07440000)
  from space 4352K,   9% used [0x07440000, 0x074a7740, 0x07880000)
  to   space 4352K,   0% used [0x07880000, 0x07880000, 0x07cc0000)
 tenured generation   total 87424K, used 61280K [0x0fca0000, 0x15200000, 0x25200000)
   the space 87424K,  70% used [0x0fca0000, 0x13878250, 0x13878400, 0x15200000)
 Metaspace       used 21256K, capacity 21895K, committed 22016K, reserved 22912K
Event: 1822.443 GC heap after
Heap after GC invocations=20 (full 2):
 def new generation   total 39424K, used 1464K [0x05200000, 0x07cc0000, 0x0fca0000)
  eden space 35072K,   0% used [0x05200000, 0x05200000, 0x07440000)
  from space 4352K,  33% used [0x07880000, 0x079ee2c0, 0x07cc0000)
  to   space 4352K,   0% used [0x07440000, 0x07440000, 0x07880000)
 tenured generation   total 87424K, used 61280K [0x0fca0000, 0x15200000, 0x25200000)
   the space 87424K,  70% used [0x0fca0000, 0x13878250, 0x13878400, 0x15200000)
 Metaspace       used 21256K, capacity 21895K, committed 22016K, reserved 22912K
}
Event: 13713.452 GC heap before
{Heap before GC invocations=20 (full 2):
 def new generation   total 39424K, used 36536K [0x05200000, 0x07cc0000, 0x0fca0000)
  eden space 35072K, 100% used [0x05200000, 0x07440000, 0x07440000)
  from space 4352K,  33% used [0x07880000, 0x079ee2c0, 0x07cc0000)
  to   space 4352K,   0% used [0x07440000, 0x07440000, 0x07880000)
 tenured generation   total 87424K, used 61280K [0x0fca0000, 0x15200000, 0x25200000)
   the space 87424K,  70% used [0x0fca0000, 0x13878250, 0x13878400, 0x15200000)
 Metaspace       used 21271K, capacity 21895K, committed 22016K, reserved 22912K
Event: 13713.458 GC heap after
Heap after GC invocations=21 (full 2):
 def new generation   total 39424K, used 260K [0x05200000, 0x07cc0000, 0x0fca0000)
  eden space 35072K,   0% used [0x05200000, 0x05200000, 0x07440000)
  from space 4352K,   5% used [0x07440000, 0x07481390, 0x07880000)
  to   space 4352K,   0% used [0x07880000, 0x07880000, 0x07cc0000)
 tenured generation   total 87424K, used 61280K [0x0fca0000, 0x15200000, 0x25200000)
   the space 87424K,  70% used [0x0fca0000, 0x13878250, 0x13878400, 0x15200000)
 Metaspace       used 21271K, capacity 21895K, committed 22016K, reserved 22912K
}
Event: 21458.549 GC heap before
{Heap before GC invocations=21 (full 2):
 def new generation   total 39424K, used 35332K [0x05200000, 0x07cc0000, 0x0fca0000)
  eden space 35072K, 100% used [0x05200000, 0x07440000, 0x07440000)
  from space 4352K,   5% used [0x07440000, 0x07481390, 0x07880000)
  to   space 4352K,   0% used [0x07880000, 0x07880000, 0x07cc0000)
 tenured generation   total 87424K, used 61280K [0x0fca0000, 0x15200000, 0x25200000)
   the space 87424K,  70% used [0x0fca0000, 0x13878250, 0x13878400, 0x15200000)
 Metaspace       used 21271K, capacity 21895K, committed 22016K, reserved 22912K
Event: 21458.551 GC heap after
Heap after GC invocations=22 (full 2):
 def new generation   total 39424K, used 352K [0x05200000, 0x07cc0000, 0x0fca0000)
  eden space 35072K,   0% used [0x05200000, 0x05200000, 0x07440000)
  from space 4352K,   8% used [0x07880000, 0x078d8028, 0x07cc0000)
  to   space 4352K,   0% used [0x07440000, 0x07440000, 0x07880000)
 tenured generation   total 87424K, used 61280K [0x0fca0000, 0x15200000, 0x25200000)
   the space 87424K,  70% used [0x0fca0000, 0x13878250, 0x13878400, 0x15200000)
 Metaspace       used 21271K, capacity 21895K, committed 22016K, reserved 22912K
}
Event: 33423.338 GC heap before
{Heap before GC invocations=22 (full 2):
 def new generation   total 39424K, used 35424K [0x05200000, 0x07cc0000, 0x0fca0000)
  eden space 35072K, 100% used [0x05200000, 0x07440000, 0x07440000)
  from space 4352K,   8% used [0x07880000, 0x078d8028, 0x07cc0000)
  to   space 4352K,   0% used [0x07440000, 0x07440000, 0x07880000)
 tenured generation   total 87424K, used 61280K [0x0fca0000, 0x15200000, 0x25200000)
   the space 87424K,  70% used [0x0fca0000, 0x13878250, 0x13878400, 0x15200000)
 Metaspace       used 21271K, capacity 21895K, committed 22016K, reserved 22912K
Event: 33423.345 GC heap after
Heap after GC invocations=23 (full 2):
 def new generation   total 39424K, used 354K [0x05200000, 0x07cc0000, 0x0fca0000)
  eden space 35072K,   0% used [0x05200000, 0x05200000, 0x07440000)
  from space 4352K,   8% used [0x07440000, 0x07498b60, 0x07880000)
  to   space 4352K,   0% used [0x07880000, 0x07880000, 0x07cc0000)
 tenured generation   total 87424K, used 61280K [0x0fca0000, 0x15200000, 0x25200000)
   the space 87424K,  70% used [0x0fca0000, 0x13878250, 0x13878400, 0x15200000)
 Metaspace       used 21271K, capacity 21895K, committed 22016K, reserved 22912K
}

Deoptimization events (0 events):
No events

Classes redefined (0 events):
No events

Internal exceptions (10 events):
Event: 1076.053 Thread 0x2bc5d800 Exception <a 'sun/nio/fs/WindowsException'> (0x05e3bbd8) thrown at [C:\workspace\8-2-build-windows-i586-cygwin\jdk8u191\11896\hotspot\src\share\vm\prims\jni.cpp, line 709]
Event: 1076.053 Thread 0x2bc5d800 Exception <a 'sun/nio/fs/WindowsException'> (0x05e3c168) thrown at [C:\workspace\8-2-build-windows-i586-cygwin\jdk8u191\11896\hotspot\src\share\vm\prims\jni.cpp, line 709]
Event: 1076.054 Thread 0x2bc5d800 Exception <a 'sun/nio/fs/WindowsException'> (0x05e59bf0) thrown at [C:\workspace\8-2-build-windows-i586-cygwin\jdk8u191\11896\hotspot\src\share\vm\prims\jni.cpp, line 709]
Event: 1076.054 Thread 0x2bc5d800 Exception <a 'sun/nio/fs/WindowsException'> (0x05e5a1f8) thrown at [C:\workspace\8-2-build-windows-i586-cygwin\jdk8u191\11896\hotspot\src\share\vm\prims\jni.cpp, line 709]
Event: 1076.056 Thread 0x2bc5d800 Exception <a 'sun/nio/fs/WindowsException'> (0x05e63d60) thrown at [C:\workspace\8-2-build-windows-i586-cygwin\jdk8u191\11896\hotspot\src\share\vm\prims\jni.cpp, line 709]
Event: 1076.056 Thread 0x2bc5d800 Exception <a 'sun/nio/fs/WindowsException'> (0x05e642c8) thrown at [C:\workspace\8-2-build-windows-i586-cygwin\jdk8u191\11896\hotspot\src\share\vm\prims\jni.cpp, line 709]
Event: 1076.057 Thread 0x2bc5d800 Exception <a 'sun/nio/fs/WindowsException'> (0x05e72ba0) thrown at [C:\workspace\8-2-build-windows-i586-cygwin\jdk8u191\11896\hotspot\src\share\vm\prims\jni.cpp, line 709]
Event: 1076.057 Thread 0x2bc5d800 Exception <a 'sun/nio/fs/WindowsException'> (0x05e73238) thrown at [C:\workspace\8-2-build-windows-i586-cygwin\jdk8u191\11896\hotspot\src\share\vm\prims\jni.cpp, line 709]
Event: 2892.454 Thread 0x2bc5e400 Exception <a 'java/net/SocketException': socket closed> (0x06ee14f0) thrown at [C:\workspace\8-2-build-windows-i586-cygwin\jdk8u191\11896\hotspot\src\share\vm\prims\jni.cpp, line 735]
Event: 20831.415 Thread 0x2beaac00 Exception <a 'java/net/SocketException': socket closed> (0x05edc4e8) thrown at [C:\workspace\8-2-build-windows-i586-cygwin\jdk8u191\11896\hotspot\src\share\vm\prims\jni.cpp, line 735]

Events (10 events):
Event: 33435.723 Executing VM operation: RevokeBias done
Event: 33435.724 Thread 0x2bc5d800 Thread exited: 0x2bc5d800
Event: 33435.724 Thread 0x2bc5d400 Thread exited: 0x2bc5d400
Event: 33435.725 Executing VM operation: RevokeBias
Event: 33435.725 Executing VM operation: RevokeBias done
Event: 33435.725 Thread 0x2bc5f000 Thread exited: 0x2bc5f000
Event: 52415.999 Executing VM operation: RevokeBias
Event: 52415.999 Executing VM operation: RevokeBias done
Event: 52415.999 Executing VM operation: RevokeBias
Event: 52415.999 Executing VM operation: RevokeBias done


Dynamic libraries:
0x00b60000 - 0x00b93000 	C:\Program Files (x86)\Arduino\java\bin\javaw.exe
0x775a0000 - 0x7773c000 	C:\WINDOWS\SYSTEM32\ntdll.dll
0x76d20000 - 0x76e00000 	C:\WINDOWS\System32\KERNEL32.DLL
0x75270000 - 0x7546a000 	C:\WINDOWS\System32\KERNELBASE.dll
0x74c30000 - 0x74cae000 	C:\WINDOWS\System32\ADVAPI32.dll
0x774d0000 - 0x77590000 	C:\WINDOWS\System32\msvcrt.dll
0x76b60000 - 0x76bd9000 	C:\WINDOWS\System32\sechost.dll
0x75eb0000 - 0x75f6f000 	C:\WINDOWS\System32\RPCRT4.dll
0x74c10000 - 0x74c30000 	C:\WINDOWS\System32\SspiCli.dll
0x74c00000 - 0x74c0a000 	C:\WINDOWS\System32\CRYPTBASE.dll
0x74cb0000 - 0x74d12000 	C:\WINDOWS\System32\bcryptPrimitives.dll
0x754b0000 - 0x75649000 	C:\WINDOWS\System32\USER32.dll
0x76840000 - 0x76857000 	C:\WINDOWS\System32\win32u.dll
0x75470000 - 0x75493000 	C:\WINDOWS\System32\GDI32.dll
0x769f0000 - 0x76b57000 	C:\WINDOWS\System32\gdi32full.dll
0x75f70000 - 0x75ff0000 	C:\WINDOWS\System32\msvcp_win.dll
0x768c0000 - 0x769e3000 	C:\WINDOWS\System32\ucrtbase.dll
0x737d0000 - 0x739df000 	C:\WINDOWS\WinSxS\x86_microsoft.windows.common-controls_6595b64144ccf1df_6.0.17763.316_none_4d6272b91b9b6fbc\COMCTL32.dll
0x74de0000 - 0x75058000 	C:\WINDOWS\System32\combase.dll
0x76080000 - 0x760a5000 	C:\WINDOWS\System32\IMM32.DLL
0x56e10000 - 0x56ecf000 	C:\Program Files (x86)\Arduino\java\bin\msvcr100.dll
0x6c8e0000 - 0x6ccb3000 	C:\Program Files (x86)\Arduino\java\bin\client\jvm.dll
0x74d20000 - 0x74d26000 	C:\WINDOWS\System32\PSAPI.DLL
0x747e0000 - 0x747e8000 	C:\WINDOWS\SYSTEM32\VERSION.dll
0x72180000 - 0x72188000 	C:\WINDOWS\SYSTEM32\WSOCK32.dll
0x6ab40000 - 0x6ab64000 	C:\WINDOWS\SYSTEM32\WINMM.dll
0x75060000 - 0x750bf000 	C:\WINDOWS\System32\WS2_32.dll
0x6ab10000 - 0x6ab33000 	C:\WINDOWS\SYSTEM32\winmmbase.dll
0x76e60000 - 0x76e9b000 	C:\WINDOWS\System32\cfgmgr32.dll
0x73f20000 - 0x73f50000 	C:\Program Files (x86)\Arduino\java\bin\splashscreen.dll
0x73e90000 - 0x73f0b000 	C:\WINDOWS\system32\uxtheme.dll
0x73f10000 - 0x73f1c000 	C:\Program Files (x86)\Arduino\java\bin\verify.dll
0x56de0000 - 0x56e02000 	C:\Program Files (x86)\Arduino\java\bin\java.dll
0x76be0000 - 0x76d1d000 	C:\WINDOWS\System32\MSCTF.dll
0x75650000 - 0x756eb000 	C:\WINDOWS\System32\OLEAUT32.dll
0x56080000 - 0x56094000 	C:\Program Files (x86)\Arduino\java\bin\zip.dll
0x76050000 - 0x7605f000 	C:\WINDOWS\System32\kernel.appcore.dll
0x74040000 - 0x740c6000 	C:\WINDOWS\System32\TextInputFramework.dll
0x73fb0000 - 0x7403f000 	C:\WINDOWS\System32\CoreMessaging.dll
0x25770000 - 0x259da000 	C:\WINDOWS\System32\CoreUIComponents.dll
0x750c0000 - 0x75149000 	C:\WINDOWS\System32\SHCORE.dll
0x6c190000 - 0x6c26b000 	C:\WINDOWS\SYSTEM32\wintypes.dll
0x74490000 - 0x744b9000 	C:\WINDOWS\SYSTEM32\ntmarta.dll
0x73e00000 - 0x73e26000 	C:\WINDOWS\system32\dwmapi.dll
0x76140000 - 0x762d9000 	C:\WINDOWS\System32\CRYPT32.dll
0x762e0000 - 0x762ee000 	C:\WINDOWS\System32\MSASN1.dll
0x76060000 - 0x76072000 	C:\WINDOWS\System32\CRYPTSP.dll
0x6ab70000 - 0x6abc4000 	C:\WINDOWS\system32\Oleacc.dll
0x762f0000 - 0x7683d000 	C:\WINDOWS\System32\SHELL32.dll
0x758b0000 - 0x75eab000 	C:\WINDOWS\System32\windows.storage.dll
0x75150000 - 0x7516c000 	C:\WINDOWS\System32\profapi.dll
0x77470000 - 0x774c4000 	C:\WINDOWS\System32\powrprof.dll
0x75860000 - 0x758a4000 	C:\WINDOWS\System32\shlwapi.dll
0x61940000 - 0x619b3000 	C:\Program Files (x86)\Arduino\lib\listSerialsj.dll
0x76eb0000 - 0x772fb000 	C:\WINDOWS\System32\SETUPAPI.dll
0x74dc0000 - 0x74dd9000 	C:\WINDOWS\System32\bcrypt.dll
0x56060000 - 0x5607d000 	C:\Program Files (x86)\Arduino\lib\jnidispatch-4.2.2-win32-x86.dll
0x75170000 - 0x7526c000 	C:\WINDOWS\System32\Ole32.dll
0x56040000 - 0x56055000 	C:\Program Files (x86)\Arduino\java\bin\net.dll
0x744c0000 - 0x74512000 	C:\WINDOWS\system32\mswsock.dll
0x69910000 - 0x6991f000 	C:\Program Files (x86)\Arduino\java\bin\nio.dll
0x6c730000 - 0x6c877000 	C:\Program Files (x86)\Arduino\java\bin\awt.dll
0x73c90000 - 0x73d2c000 	C:\WINDOWS\SYSTEM32\apphelp.dll
0x52210000 - 0x52249000 	C:\Program Files (x86)\Arduino\java\bin\fontmanager.dll
0x68cb0000 - 0x68d89000 	C:\WINDOWS\system32\opengl32.dll
0x50030000 - 0x5006f000 	C:\WINDOWS\SYSTEM32\GLU32.dll
0x77b00000 - 0x77b32000 	C:\Program Files (x86)\Arduino\java\bin\t2k.dll
0x6e870000 - 0x6e893000 	C:\WINDOWS\SYSTEM32\DEVOBJ.dll
0x77420000 - 0x77465000 	C:\WINDOWS\System32\WINTRUST.dll
0x74610000 - 0x74643000 	C:\WINDOWS\SYSTEM32\IPHLPAPI.DLL
0x76ea0000 - 0x76ea7000 	C:\WINDOWS\System32\NSI.dll
0x73de0000 - 0x73df3000 	C:\WINDOWS\SYSTEM32\dhcpcsvc6.DLL
0x73dc0000 - 0x73dd4000 	C:\WINDOWS\SYSTEM32\dhcpcsvc.DLL
0x73d30000 - 0x73dc0000 	C:\WINDOWS\SYSTEM32\DNSAPI.dll
0x6f460000 - 0x6f468000 	C:\Windows\System32\rasadhlp.dll
0x6f400000 - 0x6f451000 	C:\WINDOWS\System32\fwpuclnt.dll
0x77a90000 - 0x77af9000 	C:\Program Files (x86)\Arduino\msvcp100.dll
0x78520000 - 0x785de000 	C:\Program Files (x86)\Arduino\msvcr100.dll
0x2d390000 - 0x2d3c2000 	C:\Program Files (x86)\Arduino\lib\AStylej.dll
0x521e0000 - 0x52204000 	C:\Program Files (x86)\Arduino\java\bin\dcpr.dll
0x760b0000 - 0x76131000 	C:\WINDOWS\System32\clbcatq.dll
0x69ee0000 - 0x6a051000 	C:\WINDOWS\SYSTEM32\WindowsCodecs.dll
0x6a2c0000 - 0x6a30d000 	C:\WINDOWS\system32\dataexchange.dll
0x6a160000 - 0x6a2bf000 	C:\WINDOWS\system32\dcomp.dll
0x6b490000 - 0x6b6b9000 	C:\WINDOWS\system32\d3d11.dll
0x6b880000 - 0x6b924000 	C:\WINDOWS\system32\dxgi.dll
0x6fb20000 - 0x6fcc3000 	C:\WINDOWS\system32\twinapi.appcore.dll
0x73b70000 - 0x73b8e000 	C:\WINDOWS\system32\RMCLIENT.dll
0x73f90000 - 0x73fb0000 	C:\Program Files (x86)\Arduino\java\bin\sunec.dll
0x743e0000 - 0x7440f000 	C:\WINDOWS\system32\rsaenh.dll
0x747f0000 - 0x74813000 	C:\WINDOWS\SYSTEM32\USERENV.dll
0x73f80000 - 0x73f89000 	C:\Program Files (x86)\Arduino\java\bin\sunmscapi.dll
0x739e0000 - 0x73b6f000 	C:\WINDOWS\SYSTEM32\dbghelp.dll

VM Arguments:
jvm_args: -Dsun.java2d.d3d=false -Djna.nosys=true -Djna.nounpack=true -Djna.boot.library.name=jnidispatch-4.2.2-win32-x86 -Djna.boot.library.path=C:\Program Files (x86)\Arduino/lib -Djssc.library.path=C:\Program Files (x86)\Arduino/lib -DAPP_DIR=C:\Program Files (x86)\Arduino -Xms128M -Xmx512M 
java_command: processing.app.Base C:\dev\ENGR-390\arduino\FirebaseDemo_ESP8266\FirebaseDemo_ESP8266.ino
java_class_path (initial): C:\Program Files (x86)\Arduino\lib\apple.jar;C:\Program Files (x86)\Arduino\lib\arduino-core.jar;C:\Program Files (x86)\Arduino\lib\batik-1.8.jar;C:\Program Files (x86)\Arduino\lib\batik-anim-1.8.jar;C:\Program Files (x86)\Arduino\lib\batik-awt-util-1.8.jar;C:\Program Files (x86)\Arduino\lib\batik-bridge-1.8.jar;C:\Program Files (x86)\Arduino\lib\batik-codec-1.8.jar;C:\Program Files (x86)\Arduino\lib\batik-css-1.8.jar;C:\Program Files (x86)\Arduino\lib\batik-dom-1.8.jar;C:\Program Files (x86)\Arduino\lib\batik-ext-1.8.jar;C:\Program Files (x86)\Arduino\lib\batik-gvt-1.8.jar;C:\Program Files (x86)\Arduino\lib\batik-parser-1.8.jar;C:\Program Files (x86)\Arduino\lib\batik-rasterizer-1.8.jar;C:\Program Files (x86)\Arduino\lib\batik-script-1.8.jar;C:\Program Files (x86)\Arduino\lib\batik-squiggle-1.8.jar;C:\Program Files (x86)\Arduino\lib\batik-svg-dom-1.8.jar;C:\Program Files (x86)\Arduino\lib\batik-svgpp-1.8.jar;C:\Program Files (x86)\Arduino\lib\batik-transcoder-1.8.jar;C:\Program Files (x86)\Arduino\lib\batik-util-1.8.jar;C:\Program Files (x86)\Arduino\lib\batik-xml-1.8.jar;C:\Program Files (x86)\Arduino\lib\bcpg-jdk15on-152.jar;C:\Program Files (x86)\Arduino\lib\bcprov-jdk15on-152.jar;C:\Program Files (x86)\Arduino\lib\commons-codec-1.7.jar;C:\Program Files (x86)\Arduino\lib\commons-compress-1.8.jar;C:\Program Files (x86)\Arduino\lib\commons-exec-1.1.jar;C:\Program Files (x86)\Arduino\lib\commons-httpclient-3.1.jar;C:\Program Files (x86)\Arduino\lib\commons-lang3-3.3.2.jar;C:\Program Files (x86)\Arduino\lib\commons-logging-1.0.4.jar;C:\Program Files (x86)\Arduino\lib\commons-net-3.3.jar;C:\Program Files (x86)\Arduino\lib\jackson-annotations-2.9.5.jar;C:\Program Files (x86)\Arduino\lib\jackson-core-2.9.5.jar;C:\Program Files (x86)\Arduino\lib\jackson-databind-2.9.5.jar;C:\Program Files (x86)\Arduino\lib\jackson-module-mrbean-2.9.5.jar;C:\Program Files (x86)\Arduino\lib\java-semver-0.8.0.jar;C:\Program Files (x86)\Arduino\lib\jmdns-3.5.3.j
Launcher Type: SUN_STANDARD

Environment Variables:
PATH=C:\ProgramData\DockerDesktop\version-bin;C:\Program Files\Docker\Docker\Resources\bin;C:\Program Files\Python37\Scripts\;C:\Program Files\Python37\;C:\Program Files (x86)\Python37-32\Scripts\;C:\Program Files (x86)\Python37-32\;C:\Program Files (x86)\Common Files\Oracle\Java\javapath;C:\Program Files (x86)\Intel\Intel(R) Management Engine Components\iCLS\;C:\Program Files\Intel\Intel(R) Management Engine Components\iCLS\;C:\Windows\system32;C:\Windows;C:\Windows\System32\Wbem;C:\Windows\System32\WindowsPowerShell\v1.0\;C:\Windows\System32\OpenSSH\;C:\Program Files (x86)\Intel\Intel(R) Management Engine Components\DAL;C:\Program Files\Intel\Intel(R) Management Engine Components\DAL;C:\Program Files (x86)\NVIDIA Corporation\PhysX\Common;C:\Program Files\Intel\WiFi\bin\;C:\Program Files\Common Files\Intel\WirelessCommon\;C:\WINDOWS\system32;C:\WINDOWS;C:\WINDOWS\System32\Wbem;C:\WINDOWS\System32\WindowsPowerShell\v1.0\;C:\WINDOWS\System32\OpenSSH\;C:\Program Files\nodejs\;C:\Program Files (x86)\Google\Cloud SDK\google-cloud-sdk\bin;C:\Program Files\Git\cmd;C:\Program Files\PuTTY\;C:\Users\karth\AppData\Local\Microsoft\WindowsApps;C:\Program Files\JetBrains\PyCharm 2018.3.3\bin;C:\Program Files\JetBrains\IntelliJ IDEA 2018.3.3\bin;C:\Program Files\JetBrains\CLion 2018.3.3\bin;C:\Users\karth\AppData\Local\GitHubDesktop\bin;C:\Users\karth\AppData\Roaming\npm;C:\Program Files\JetBrains\DataGrip 2018.3.2\bin;;C:\Users\karth\AppData\Roaming\Python\Python37\site-packages\instagram_scraper;;C:\Program Files (x86)\Arduino\java\bin
USERNAME=karth
OS=Windows_NT
PROCESSOR_IDENTIFIER=Intel64 Family 6 Model 158 Stepping 10, GenuineIntel



---------------  S Y S T E M  ---------------

OS: Windows 10.0 , 64 bit Build 17763 (10.0.17763.292)

CPU:total 12 (initial active 12) (6 cores per cpu, 2 threads per core) family 6 model 158 stepping 10, cmov, cx8, fxsr, mmx, sse, sse2, sse3, ssse3, sse4.1, sse4.2, popcnt, avx, avx2, aes, clmul, erms, 3dnowpref, lzcnt, ht, tsc, tscinvbit, bmi1, bmi2, adx

Memory: 4k page, physical 16622604k(4748020k free), swap 26584076k(6702364k free)

vm_info: Java HotSpot(TM) Client VM (25.191-b12) for windows-x86 JRE (1.8.0_191-b12), built on Oct  6 2018 08:34:23 by "java_re" with MS VC++ 10.0 (VS2010)

time: Thu Feb 28 17:27:21 2019
elapsed time: 52417 seconds (0d 14h 33m 37s)

